# JRE version: Java(TM) SE Runtime Environment (8.0_60-b27) (build 1.8.0_60-b27)
# Java VM: Java HotSpot(TM) 64-Bit Server VM (25.60-b23 mixed mode windows-amd64 compressed oops)
Heap:
 PSYoungGen      total 139776K, used 56846K [0x00000000eab00000, 0x00000000f5200000, 0x0000000100000000)
  eden space 119808K, 40% used [0x00000000eab00000,0x00000000eda8ee40,0x00000000f2000000)
  from space 19968K, 40% used [0x00000000f2000000,0x00000000f27f49c8,0x00000000f3380000)
  to   space 19456K, 0% used [0x00000000f3f00000,0x00000000f3f00000,0x00000000f5200000)
 ParOldGen       total 63488K, used 38389K [0x00000000c0000000, 0x00000000c3e00000, 0x00000000eab00000)
  object space 63488K, 60% used [0x00000000c0000000,0x00000000c257d600,0x00000000c3e00000)
 Metaspace       used 55736K, capacity 57404K, committed 57472K, reserved 1099776K
  class space    used 7405K, capacity 7796K, committed 7808K, reserved 1048576K
GC Heap History (10 events):
Event: 95.006 GC heap before
{Heap before GC invocations=18 (full 2):
 PSYoungGen      total 103936K, used 103931K [0x00000000eab00000, 0x00000000f3a00000, 0x0000000100000000)
  eden space 89088K, 100% used [0x00000000eab00000,0x00000000f0200000,0x00000000f0200000)
  from space 14848K, 99% used [0x00000000f0200000,0x00000000f107ef10,0x00000000f1080000)
  to   space 18944K, 0% used [0x00000000f2780000,0x00000000f2780000,0x00000000f3a00000)
 ParOldGen       total 63488K, used 27963K [0x00000000c0000000, 0x00000000c3e00000, 0x00000000eab00000)
  object space 63488K, 44% used [0x00000000c0000000,0x00000000c1b4ecb8,0x00000000c3e00000)
 Metaspace       used 47975K, capacity 49364K, committed 49536K, reserved 1091584K
  class space    used 6611K, capacity 6928K, committed 7040K, reserved 1048576K
Event: 95.092 GC heap after
Heap after GC invocations=18 (full 2):
 PSYoungGen      total 122368K, used 8790K [0x00000000eab00000, 0x00000000f3680000, 0x0000000100000000)
  eden space 107008K, 0% used [0x00000000eab00000,0x00000000eab00000,0x00000000f1380000)
  from space 15360K, 57% used [0x00000000f2780000,0x00000000f3015808,0x00000000f3680000)
  to   space 17920K, 0% used [0x00000000f1380000,0x00000000f1380000,0x00000000f2500000)
 ParOldGen       total 63488K, used 36415K [0x00000000c0000000, 0x00000000c3e00000, 0x00000000eab00000)
  object space 63488K, 57% used [0x00000000c0000000,0x00000000c238fd88,0x00000000c3e00000)
 Metaspace       used 47975K, capacity 49364K, committed 49536K, reserved 1091584K
  class space    used 6611K, capacity 6928K, committed 7040K, reserved 1048576K
}
Event: 112.215 GC heap before
{Heap before GC invocations=19 (full 2):
 PSYoungGen      total 122368K, used 115798K [0x00000000eab00000, 0x00000000f3680000, 0x0000000100000000)
  eden space 107008K, 100% used [0x00000000eab00000,0x00000000f1380000,0x00000000f1380000)
  from space 15360K, 57% used [0x00000000f2780000,0x00000000f3015808,0x00000000f3680000)
  to   space 17920K, 0% used [0x00000000f1380000,0x00000000f1380000,0x00000000f2500000)
 ParOldGen       total 63488K, used 36415K [0x00000000c0000000, 0x00000000c3e00000, 0x00000000eab00000)
  object space 63488K, 57% used [0x00000000c0000000,0x00000000c238fd88,0x00000000c3e00000)
 Metaspace       used 54549K, capacity 56026K, committed 56064K, reserved 1097728K
  class space    used 7320K, capacity 7669K, committed 7680K, reserved 1048576K
Event: 112.313 GC heap after
Heap after GC invocations=19 (full 2):
 PSYoungGen      total 124928K, used 14664K [0x00000000eab00000, 0x00000000f4680000, 0x0000000100000000)
  eden space 107008K, 0% used [0x00000000eab00000,0x00000000eab00000,0x00000000f1380000)
  from space 17920K, 81% used [0x00000000f1380000,0x00000000f21d2010,0x00000000f2500000)
  to   space 19456K, 0% used [0x00000000f3380000,0x00000000f3380000,0x00000000f4680000)
 ParOldGen       total 63488K, used 36423K [0x00000000c0000000, 0x00000000c3e00000, 0x00000000eab00000)
  object space 63488K, 57% used [0x00000000c0000000,0x00000000c2391d88,0x00000000c3e00000)
 Metaspace       used 54549K, capacity 56026K, committed 56064K, reserved 1097728K
  class space    used 7320K, capacity 7669K, committed 7680K, reserved 1048576K
}
Event: 206.168 GC heap before
{Heap before GC invocations=20 (full 2):
 PSYoungGen      total 124928K, used 59540K [0x00000000eab00000, 0x00000000f4680000, 0x0000000100000000)
  eden space 107008K, 41% used [0x00000000eab00000,0x00000000ed6d33e8,0x00000000f1380000)
  from space 17920K, 81% used [0x00000000f1380000,0x00000000f21d2010,0x00000000f2500000)
  to   space 19456K, 0% used [0x00000000f3380000,0x00000000f3380000,0x00000000f4680000)
 ParOldGen       total 63488K, used 36423K [0x00000000c0000000, 0x00000000c3e00000, 0x00000000eab00000)
  object space 63488K, 57% used [0x00000000c0000000,0x00000000c2391d88,0x00000000c3e00000)
 Metaspace       used 54865K, capacity 56370K, committed 56448K, reserved 1097728K
  class space    used 7363K, capacity 7737K, committed 7808K, reserved 1048576K
Event: 206.536 GC heap after
Heap after GC invocations=20 (full 2):
 PSYoungGen      total 139264K, used 13493K [0x00000000eab00000, 0x00000000f4780000, 0x0000000100000000)
  eden space 119808K, 0% used [0x00000000eab00000,0x00000000eab00000,0x00000000f2000000)
  from space 19456K, 69% used [0x00000000f3380000,0x00000000f40ad6d0,0x00000000f4680000)
  to   space 19968K, 0% used [0x00000000f2000000,0x00000000f2000000,0x00000000f3380000)
 ParOldGen       total 63488K, used 36431K [0x00000000c0000000, 0x00000000c3e00000, 0x00000000eab00000)
  object space 63488K, 57% used [0x00000000c0000000,0x00000000c2393d88,0x00000000c3e00000)
 Metaspace       used 54865K, capacity 56370K, committed 56448K, reserved 1097728K
  class space    used 7363K, capacity 7737K, committed 7808K, reserved 1048576K
}
Event: 206.536 GC heap before
{Heap before GC invocations=21 (full 3):
 PSYoungGen      total 139264K, used 13493K [0x00000000eab00000, 0x00000000f4780000, 0x0000000100000000)
  eden space 119808K, 0% used [0x00000000eab00000,0x00000000eab00000,0x00000000f2000000)
  from space 19456K, 69% used [0x00000000f3380000,0x00000000f40ad6d0,0x00000000f4680000)
  to   space 19968K, 0% used [0x00000000f2000000,0x00000000f2000000,0x00000000f3380000)
 ParOldGen       total 63488K, used 36431K [0x00000000c0000000, 0x00000000c3e00000, 0x00000000eab00000)
  object space 63488K, 57% used [0x00000000c0000000,0x00000000c2393d88,0x00000000c3e00000)
 Metaspace       used 54865K, capacity 56370K, committed 56448K, reserved 1097728K
  class space    used 7363K, capacity 7737K, committed 7808K, reserved 1048576K
Event: 215.547 GC heap after
Heap after GC invocations=21 (full 3):
 PSYoungGen      total 139264K, used 0K [0x00000000eab00000, 0x00000000f4780000, 0x0000000100000000)
  eden space 119808K, 0% used [0x00000000eab00000,0x00000000eab00000,0x00000000f2000000)
  from space 19456K, 0% used [0x00000000f3380000,0x00000000f3380000,0x00000000f4680000)
  to   space 19968K, 0% used [0x00000000f2000000,0x00000000f2000000,0x00000000f3380000)
 ParOldGen       total 63488K, used 38381K [0x00000000c0000000, 0x00000000c3e00000, 0x00000000eab00000)
  object space 63488K, 60% used [0x00000000c0000000,0x00000000c257b600,0x00000000c3e00000)
 Metaspace       used 54865K, capacity 56370K, committed 56448K, reserved 1097728K
  class space    used 7363K, capacity 7737K, committed 7808K, reserved 1048576K
}
Event: 789.131 GC heap before
{Heap before GC invocations=22 (full 3):
 PSYoungGen      total 139264K, used 119808K [0x00000000eab00000, 0x00000000f4780000, 0x0000000100000000)
  eden space 119808K, 100% used [0x00000000eab00000,0x00000000f2000000,0x00000000f2000000)
  from space 19456K, 0% used [0x00000000f3380000,0x00000000f3380000,0x00000000f4680000)
  to   space 19968K, 0% used [0x00000000f2000000,0x00000000f2000000,0x00000000f3380000)
 ParOldGen       total 63488K, used 38381K [0x00000000c0000000, 0x00000000c3e00000, 0x00000000eab00000)
  object space 63488K, 60% used [0x00000000c0000000,0x00000000c257b600,0x00000000c3e00000)
 Metaspace       used 55634K, capacity 57340K, committed 57472K, reserved 1099776K
  class space    used 7405K, capacity 7796K, committed 7808K, reserved 1048576K
Event: 789.492 GC heap after
Heap after GC invocations=22 (full 3):
 PSYoungGen      total 139776K, used 8146K [0x00000000eab00000, 0x00000000f5200000, 0x0000000100000000)
  eden space 119808K, 0% used [0x00000000eab00000,0x00000000eab00000,0x00000000f2000000)
  from space 19968K, 40% used [0x00000000f2000000,0x00000000f27f49c8,0x00000000f3380000)
  to   space 19456K, 0% used [0x00000000f3f00000,0x00000000f3f00000,0x00000000f5200000)
 ParOldGen       total 63488K, used 38389K [0x00000000c0000000, 0x00000000c3e00000, 0x00000000eab00000)
  object space 63488K, 60% used [0x00000000c0000000,0x00000000c257d600,0x00000000c3e00000)
 Metaspace       used 55634K, capacity 57340K, committed 57472K, reserved 1099776K
  class space    used 7405K, capacity 7796K, committed 7808K, reserved 1048576K
}

