# JRE version: Java(TM) SE Runtime Environment (8.0_60-b27) (build 1.8.0_60-b27)
# Java VM: Java HotSpot(TM) 64-Bit Server VM (25.60-b23 mixed mode windows-amd64 compressed oops)
Heap:
 PSYoungGen      total 139776K, used 123904K [0x00000000eab00000, 0x00000000f4f00000, 0x0000000100000000)
  eden space 123904K, 100% used [0x00000000eab00000,0x00000000f2400000,0x00000000f2400000)
  from space 15872K, 0% used [0x00000000f3780000,0x00000000f3780000,0x00000000f4700000)
  to   space 19968K, 0% used [0x00000000f2400000,0x00000000f2400000,0x00000000f3780000)
 ParOldGen       total 52736K, used 52523K [0x00000000c0000000, 0x00000000c3380000, 0x00000000eab00000)
  object space 52736K, 99% used [0x00000000c0000000,0x00000000c334ae08,0x00000000c3380000)
 Metaspace       used 6901K, capacity 7608K, committed 7936K, reserved 1056768K
  class space    used 643K, capacity 688K, committed 768K, reserved 1048576K
GC Heap History (10 events):
Event: 19.716 GC heap after
Heap after GC invocations=26 (full 16):
 PSYoungGen      total 139776K, used 113214K [0x00000000eab00000, 0x00000000f4f00000, 0x0000000100000000)
  eden space 123904K, 91% used [0x00000000eab00000,0x00000000f198fb18,0x00000000f2400000)
  from space 15872K, 0% used [0x00000000f3780000,0x00000000f3780000,0x00000000f4700000)
  to   space 19968K, 0% used [0x00000000f2400000,0x00000000f2400000,0x00000000f3780000)
 ParOldGen       total 52736K, used 52480K [0x00000000c0000000, 0x00000000c3380000, 0x00000000eab00000)
  object space 52736K, 99% used [0x00000000c0000000,0x00000000c33400c0,0x00000000c3380000)
 Metaspace       used 6594K, capacity 7320K, committed 7680K, reserved 1056768K
  class space    used 625K, capacity 656K, committed 768K, reserved 1048576K
}
Event: 19.756 GC heap before
{Heap before GC invocations=27 (full 17):
 PSYoungGen      total 139776K, used 123904K [0x00000000eab00000, 0x00000000f4f00000, 0x0000000100000000)
  eden space 123904K, 100% used [0x00000000eab00000,0x00000000f2400000,0x00000000f2400000)
  from space 15872K, 0% used [0x00000000f3780000,0x00000000f3780000,0x00000000f4700000)
  to   space 19968K, 0% used [0x00000000f2400000,0x00000000f2400000,0x00000000f3780000)
 ParOldGen       total 52736K, used 52480K [0x00000000c0000000, 0x00000000c3380000, 0x00000000eab00000)
  object space 52736K, 99% used [0x00000000c0000000,0x00000000c33400c0,0x00000000c3380000)
 Metaspace       used 6594K, capacity 7320K, committed 7680K, reserved 1056768K
  class space    used 625K, capacity 656K, committed 768K, reserved 1048576K
Event: 20.223 GC heap after
Heap after GC invocations=27 (full 17):
 PSYoungGen      total 139776K, used 114622K [0x00000000eab00000, 0x00000000f4f00000, 0x0000000100000000)
  eden space 123904K, 92% used [0x00000000eab00000,0x00000000f1aefb18,0x00000000f2400000)
  from space 15872K, 0% used [0x00000000f3780000,0x00000000f3780000,0x00000000f4700000)
  to   space 19968K, 0% used [0x00000000f2400000,0x00000000f2400000,0x00000000f3780000)
 ParOldGen       total 52736K, used 52480K [0x00000000c0000000, 0x00000000c3380000, 0x00000000eab00000)
  object space 52736K, 99% used [0x00000000c0000000,0x00000000c33400c0,0x00000000c3380000)
 Metaspace       used 6594K, capacity 7320K, committed 7680K, reserved 1056768K
  class space    used 625K, capacity 656K, committed 768K, reserved 1048576K
}
Event: 20.284 GC heap before
{Heap before GC invocations=28 (full 18):
 PSYoungGen      total 139776K, used 123904K [0x00000000eab00000, 0x00000000f4f00000, 0x0000000100000000)
  eden space 123904K, 100% used [0x00000000eab00000,0x00000000f2400000,0x00000000f2400000)
  from space 15872K, 0% used [0x00000000f3780000,0x00000000f3780000,0x00000000f4700000)
  to   space 19968K, 0% used [0x00000000f2400000,0x00000000f2400000,0x00000000f3780000)
 ParOldGen       total 52736K, used 52480K [0x00000000c0000000, 0x00000000c3380000, 0x00000000eab00000)
  object space 52736K, 99% used [0x00000000c0000000,0x00000000c33400c0,0x00000000c3380000)
 Metaspace       used 6601K, capacity 7320K, committed 7680K, reserved 1056768K
  class space    used 626K, capacity 656K, committed 768K, reserved 1048576K
Event: 22.057 GC heap after
Heap after GC invocations=28 (full 18):
 PSYoungGen      total 139776K, used 115467K [0x00000000eab00000, 0x00000000f4f00000, 0x0000000100000000)
  eden space 123904K, 93% used [0x00000000eab00000,0x00000000f1bc2cd8,0x00000000f2400000)
  from space 15872K, 0% used [0x00000000f3780000,0x00000000f3780000,0x00000000f4700000)
  to   space 19968K, 0% used [0x00000000f2400000,0x00000000f2400000,0x00000000f3780000)
 ParOldGen       total 52736K, used 52406K [0x00000000c0000000, 0x00000000c3380000, 0x00000000eab00000)
  object space 52736K, 99% used [0x00000000c0000000,0x00000000c332d940,0x00000000c3380000)
 Metaspace       used 6601K, capacity 7320K, committed 7680K, reserved 1056768K
  class space    used 626K, capacity 656K, committed 768K, reserved 1048576K
}
Event: 22.395 GC heap before
{Heap before GC invocations=29 (full 19):
 PSYoungGen      total 139776K, used 123904K [0x00000000eab00000, 0x00000000f4f00000, 0x0000000100000000)
  eden space 123904K, 100% used [0x00000000eab00000,0x00000000f2400000,0x00000000f2400000)
  from space 15872K, 0% used [0x00000000f3780000,0x00000000f3780000,0x00000000f4700000)
  to   space 19968K, 0% used [0x00000000f2400000,0x00000000f2400000,0x00000000f3780000)
 ParOldGen       total 52736K, used 52406K [0x00000000c0000000, 0x00000000c3380000, 0x00000000eab00000)
  object space 52736K, 99% used [0x00000000c0000000,0x00000000c332d940,0x00000000c3380000)
 Metaspace       used 6689K, capacity 7384K, committed 7680K, reserved 1056768K
  class space    used 630K, capacity 656K, committed 768K, reserved 1048576K
Event: 25.283 GC heap after
Heap after GC invocations=29 (full 19):
 PSYoungGen      total 139776K, used 115311K [0x00000000eab00000, 0x00000000f4f00000, 0x0000000100000000)
  eden space 123904K, 93% used [0x00000000eab00000,0x00000000f1b9be18,0x00000000f2400000)
  from space 15872K, 0% used [0x00000000f3780000,0x00000000f3780000,0x00000000f4700000)
  to   space 19968K, 0% used [0x00000000f2400000,0x00000000f2400000,0x00000000f3780000)
 ParOldGen       total 52736K, used 52560K [0x00000000c0000000, 0x00000000c3380000, 0x00000000eab00000)
  object space 52736K, 99% used [0x00000000c0000000,0x00000000c33542f8,0x00000000c3380000)
 Metaspace       used 6689K, capacity 7384K, committed 7680K, reserved 1056768K
  class space    used 630K, capacity 656K, committed 768K, reserved 1048576K
}
Event: 25.729 GC heap before
{Heap before GC invocations=30 (full 20):
 PSYoungGen      total 139776K, used 123904K [0x00000000eab00000, 0x00000000f4f00000, 0x0000000100000000)
  eden space 123904K, 100% used [0x00000000eab00000,0x00000000f2400000,0x00000000f2400000)
  from space 15872K, 0% used [0x00000000f3780000,0x00000000f3780000,0x00000000f4700000)
  to   space 19968K, 0% used [0x00000000f2400000,0x00000000f2400000,0x00000000f3780000)
 ParOldGen       total 52736K, used 52560K [0x00000000c0000000, 0x00000000c3380000, 0x00000000eab00000)
  object space 52736K, 99% used [0x00000000c0000000,0x00000000c33542f8,0x00000000c3380000)
 Metaspace       used 6706K, capacity 7384K, committed 7680K, reserved 1056768K
  class space    used 631K, capacity 656K, committed 768K, reserved 1048576K
Event: 29.028 GC heap after
Heap after GC invocations=30 (full 20):
 PSYoungGen      total 139776K, used 116841K [0x00000000eab00000, 0x00000000f4f00000, 0x0000000100000000)
  eden space 123904K, 94% used [0x00000000eab00000,0x00000000f1d1a4c0,0x00000000f2400000)
  from space 15872K, 0% used [0x00000000f3780000,0x00000000f3780000,0x00000000f4700000)
  to   space 19968K, 0% used [0x00000000f2400000,0x00000000f2400000,0x00000000f3780000)
 ParOldGen       total 52736K, used 52523K [0x00000000c0000000, 0x00000000c3380000, 0x00000000eab00000)
  object space 52736K, 99% used [0x00000000c0000000,0x00000000c334ae08,0x00000000c3380000)
 Metaspace       used 6706K, capacity 7384K, committed 7680K, reserved 1056768K
  class space    used 631K, capacity 656K, committed 768K, reserved 1048576K
}
Event: 29.368 GC heap before
{Heap before GC invocations=31 (full 21):
 PSYoungGen      total 139776K, used 123904K [0x00000000eab00000, 0x00000000f4f00000, 0x0000000100000000)
  eden space 123904K, 100% used [0x00000000eab00000,0x00000000f2400000,0x00000000f2400000)
  from space 15872K, 0% used [0x00000000f3780000,0x00000000f3780000,0x00000000f4700000)
  to   space 19968K, 0% used [0x00000000f2400000,0x00000000f2400000,0x00000000f3780000)
 ParOldGen       total 52736K, used 52523K [0x00000000c0000000, 0x00000000c3380000, 0x00000000eab00000)
  object space 52736K, 99% used [0x00000000c0000000,0x00000000c334ae08,0x00000000c3380000)
 Metaspace       used 6901K, capacity 7608K, committed 7936K, reserved 1056768K
  class space    used 643K, capacity 688K, committed 768K, reserved 1048576K

